2016-06-19 12:42:08,342 - INFO - Scrapy 1.1.0 started (bot: artbot)
2016-06-19 12:42:08 [scrapy] INFO: Scrapy 1.1.0 started (bot: artbot)
2016-06-19 12:42:08,343 - INFO - Overridden settings: {'NEWSPIDER_MODULE': 'artbot.spiders', 'SPIDER_MODULES': ['artbot.spiders'], 'DOWNLOAD_DELAY': 3, 'BOT_NAME': 'artbot'}
2016-06-19 12:42:08 [scrapy] INFO: Overridden settings: {'NEWSPIDER_MODULE': 'artbot.spiders', 'SPIDER_MODULES': ['artbot.spiders'], 'DOWNLOAD_DELAY': 3, 'BOT_NAME': 'artbot'}
2016-06-19 12:42:08,437 - INFO - Enabled extensions:
['scrapy.extensions.logstats.LogStats',
 'scrapy.extensions.telnet.TelnetConsole',
 'scrapy.extensions.corestats.CoreStats']
2016-06-19 12:42:08 [scrapy] INFO: Enabled extensions:
['scrapy.extensions.logstats.LogStats',
 'scrapy.extensions.telnet.TelnetConsole',
 'scrapy.extensions.corestats.CoreStats']
2016-06-19 12:42:08,442 - WARNING - /Users/apple/app/anaconda/lib/python2.7/site-packages/scrapy/utils/deprecate.py:156: ScrapyDeprecationWarning: `scrapy.contrib.downloadermiddleware.useragent.UserAgentMiddleware` class is deprecated, use `scrapy.downloadermiddlewares.useragent.UserAgentMiddleware` instead
  ScrapyDeprecationWarning)

2016-06-19 12:42:08 [py.warnings] WARNING: /Users/apple/app/anaconda/lib/python2.7/site-packages/scrapy/utils/deprecate.py:156: ScrapyDeprecationWarning: `scrapy.contrib.downloadermiddleware.useragent.UserAgentMiddleware` class is deprecated, use `scrapy.downloadermiddlewares.useragent.UserAgentMiddleware` instead
  ScrapyDeprecationWarning)

2016-06-19 12:42:08,501 - INFO - Enabled downloader middlewares:
['scrapy.downloadermiddlewares.httpauth.HttpAuthMiddleware',
 'scrapy.downloadermiddlewares.downloadtimeout.DownloadTimeoutMiddleware',
 'artbot.middlewares.RandomUserAgentMiddleware',
 'artbot.middlewares.ProxyMiddleware',
 'scrapy.downloadermiddlewares.retry.RetryMiddleware',
 'scrapy.downloadermiddlewares.defaultheaders.DefaultHeadersMiddleware',
 'scrapy.downloadermiddlewares.redirect.MetaRefreshMiddleware',
 'scrapy.downloadermiddlewares.httpcompression.HttpCompressionMiddleware',
 'scrapy.downloadermiddlewares.redirect.RedirectMiddleware',
 'scrapy.downloadermiddlewares.cookies.CookiesMiddleware',
 'scrapy.downloadermiddlewares.chunked.ChunkedTransferMiddleware',
 'scrapy.downloadermiddlewares.stats.DownloaderStats']
2016-06-19 12:42:08 [scrapy] INFO: Enabled downloader middlewares:
['scrapy.downloadermiddlewares.httpauth.HttpAuthMiddleware',
 'scrapy.downloadermiddlewares.downloadtimeout.DownloadTimeoutMiddleware',
 'artbot.middlewares.RandomUserAgentMiddleware',
 'artbot.middlewares.ProxyMiddleware',
 'scrapy.downloadermiddlewares.retry.RetryMiddleware',
 'scrapy.downloadermiddlewares.defaultheaders.DefaultHeadersMiddleware',
 'scrapy.downloadermiddlewares.redirect.MetaRefreshMiddleware',
 'scrapy.downloadermiddlewares.httpcompression.HttpCompressionMiddleware',
 'scrapy.downloadermiddlewares.redirect.RedirectMiddleware',
 'scrapy.downloadermiddlewares.cookies.CookiesMiddleware',
 'scrapy.downloadermiddlewares.chunked.ChunkedTransferMiddleware',
 'scrapy.downloadermiddlewares.stats.DownloaderStats']
2016-06-19 12:42:08,505 - INFO - Enabled spider middlewares:
['scrapy.spidermiddlewares.httperror.HttpErrorMiddleware',
 'scrapy.spidermiddlewares.offsite.OffsiteMiddleware',
 'scrapy.spidermiddlewares.referer.RefererMiddleware',
 'scrapy.spidermiddlewares.urllength.UrlLengthMiddleware',
 'scrapy.spidermiddlewares.depth.DepthMiddleware']
2016-06-19 12:42:08 [scrapy] INFO: Enabled spider middlewares:
['scrapy.spidermiddlewares.httperror.HttpErrorMiddleware',
 'scrapy.spidermiddlewares.offsite.OffsiteMiddleware',
 'scrapy.spidermiddlewares.referer.RefererMiddleware',
 'scrapy.spidermiddlewares.urllength.UrlLengthMiddleware',
 'scrapy.spidermiddlewares.depth.DepthMiddleware']
2016-06-19 12:42:08,506 - INFO - Enabled item pipelines:
['artbot.pipelines.ArtbotPipeline']
2016-06-19 12:42:08 [scrapy] INFO: Enabled item pipelines:
['artbot.pipelines.ArtbotPipeline']
2016-06-19 12:42:08,506 - INFO - Spider opened
2016-06-19 12:42:08 [scrapy] INFO: Spider opened
2016-06-19 12:42:08,514 - INFO - Crawled 0 pages (at 0 pages/min), scraped 0 items (at 0 items/min)
2016-06-19 12:42:08 [scrapy] INFO: Crawled 0 pages (at 0 pages/min), scraped 0 items (at 0 items/min)
2016-06-19 12:42:08,517 - DEBUG - Telnet console listening on 127.0.0.1:6023
2016-06-19 12:42:08 [scrapy] DEBUG: Telnet console listening on 127.0.0.1:6023
2016-06-19 12:43:08,516 - INFO - Crawled 0 pages (at 0 pages/min), scraped 0 items (at 0 items/min)
2016-06-19 12:43:08 [scrapy] INFO: Crawled 0 pages (at 0 pages/min), scraped 0 items (at 0 items/min)
2016-06-19 12:44:08,365 - DEBUG - Retrying <GET http://so.gushiwen.org/view_1.aspx> (failed 1 times): 504 Gateway Time-out
2016-06-19 12:44:08 [scrapy] DEBUG: Retrying <GET http://so.gushiwen.org/view_1.aspx> (failed 1 times): 504 Gateway Time-out
2016-06-19 12:44:08,515 - INFO - Crawled 0 pages (at 0 pages/min), scraped 0 items (at 0 items/min)
2016-06-19 12:44:08 [scrapy] INFO: Crawled 0 pages (at 0 pages/min), scraped 0 items (at 0 items/min)
2016-06-19 12:44:13,038 - DEBUG - Retrying <GET http://so.gushiwen.org/view_2.aspx> (failed 1 times): [<twisted.python.failure.Failure twisted.internet.error.ConnectionDone: Connection was closed cleanly.>]
2016-06-19 12:44:13 [scrapy] DEBUG: Retrying <GET http://so.gushiwen.org/view_2.aspx> (failed 1 times): [<twisted.python.failure.Failure twisted.internet.error.ConnectionDone: Connection was closed cleanly.>]
2016-06-19 12:44:15,544 - DEBUG - Retrying <GET http://so.gushiwen.org/view_3.aspx> (failed 1 times): [<twisted.python.failure.Failure twisted.internet.error.ConnectionDone: Connection was closed cleanly.>]
2016-06-19 12:44:15 [scrapy] DEBUG: Retrying <GET http://so.gushiwen.org/view_3.aspx> (failed 1 times): [<twisted.python.failure.Failure twisted.internet.error.ConnectionDone: Connection was closed cleanly.>]
2016-06-19 12:44:19,971 - DEBUG - Retrying <GET http://so.gushiwen.org/view_4.aspx> (failed 1 times): [<twisted.python.failure.Failure twisted.internet.error.ConnectionDone: Connection was closed cleanly.>]
2016-06-19 12:44:19 [scrapy] DEBUG: Retrying <GET http://so.gushiwen.org/view_4.aspx> (failed 1 times): [<twisted.python.failure.Failure twisted.internet.error.ConnectionDone: Connection was closed cleanly.>]
2016-06-19 12:44:22,930 - DEBUG - Retrying <GET http://so.gushiwen.org/view_5.aspx> (failed 1 times): [<twisted.python.failure.Failure twisted.internet.error.ConnectionDone: Connection was closed cleanly.>]
2016-06-19 12:44:22 [scrapy] DEBUG: Retrying <GET http://so.gushiwen.org/view_5.aspx> (failed 1 times): [<twisted.python.failure.Failure twisted.internet.error.ConnectionDone: Connection was closed cleanly.>]
2016-06-19 12:44:25,395 - DEBUG - Retrying <GET http://so.gushiwen.org/view_6.aspx> (failed 1 times): [<twisted.python.failure.Failure twisted.internet.error.ConnectionDone: Connection was closed cleanly.>]
2016-06-19 12:44:25 [scrapy] DEBUG: Retrying <GET http://so.gushiwen.org/view_6.aspx> (failed 1 times): [<twisted.python.failure.Failure twisted.internet.error.ConnectionDone: Connection was closed cleanly.>]
2016-06-19 12:44:29,492 - DEBUG - Retrying <GET http://so.gushiwen.org/view_7.aspx> (failed 1 times): [<twisted.python.failure.Failure twisted.internet.error.ConnectionDone: Connection was closed cleanly.>]
2016-06-19 12:44:29 [scrapy] DEBUG: Retrying <GET http://so.gushiwen.org/view_7.aspx> (failed 1 times): [<twisted.python.failure.Failure twisted.internet.error.ConnectionDone: Connection was closed cleanly.>]
2016-06-19 12:44:33,691 - DEBUG - Retrying <GET http://so.gushiwen.org/view_8.aspx> (failed 1 times): [<twisted.python.failure.Failure twisted.internet.error.ConnectionDone: Connection was closed cleanly.>]
2016-06-19 12:44:33 [scrapy] DEBUG: Retrying <GET http://so.gushiwen.org/view_8.aspx> (failed 1 times): [<twisted.python.failure.Failure twisted.internet.error.ConnectionDone: Connection was closed cleanly.>]
2016-06-19 12:44:39,152 - INFO - Received SIGTERM, shutting down gracefully. Send again to force 
2016-06-19 12:44:39 [scrapy] INFO: Received SIGTERM, shutting down gracefully. Send again to force 
2016-06-19 12:44:39,152 - INFO - Closing spider (shutdown)
2016-06-19 12:44:39 [scrapy] INFO: Closing spider (shutdown)
2016-06-19 12:44:42,875 - INFO - Received SIGTERM twice, forcing unclean shutdown
2016-06-19 12:44:42 [scrapy] INFO: Received SIGTERM twice, forcing unclean shutdown
2016-06-19 12:44:42,877 - DEBUG - Retrying <GET http://so.gushiwen.org/view_13.aspx> (failed 1 times): [<twisted.python.failure.Failure twisted.internet.error.ConnectionLost: Connection to the other side was lost in a non-clean fashion: Connection lost.>]
2016-06-19 12:44:42 [scrapy] DEBUG: Retrying <GET http://so.gushiwen.org/view_13.aspx> (failed 1 times): [<twisted.python.failure.Failure twisted.internet.error.ConnectionLost: Connection to the other side was lost in a non-clean fashion: Connection lost.>]
2016-06-19 12:44:42,878 - DEBUG - Retrying <GET http://so.gushiwen.org/view_9.aspx> (failed 1 times): [<twisted.python.failure.Failure twisted.internet.error.ConnectionLost: Connection to the other side was lost in a non-clean fashion: Connection lost.>]
2016-06-19 12:44:42 [scrapy] DEBUG: Retrying <GET http://so.gushiwen.org/view_9.aspx> (failed 1 times): [<twisted.python.failure.Failure twisted.internet.error.ConnectionLost: Connection to the other side was lost in a non-clean fashion: Connection lost.>]
2016-06-19 12:44:42,878 - DEBUG - Retrying <GET http://so.gushiwen.org/view_10.aspx> (failed 1 times): [<twisted.python.failure.Failure twisted.internet.error.ConnectionLost: Connection to the other side was lost in a non-clean fashion: Connection lost.>]
2016-06-19 12:44:42 [scrapy] DEBUG: Retrying <GET http://so.gushiwen.org/view_10.aspx> (failed 1 times): [<twisted.python.failure.Failure twisted.internet.error.ConnectionLost: Connection to the other side was lost in a non-clean fashion: Connection lost.>]
2016-06-19 12:44:42,879 - DEBUG - Retrying <GET http://so.gushiwen.org/view_12.aspx> (failed 1 times): [<twisted.python.failure.Failure twisted.internet.error.ConnectionLost: Connection to the other side was lost in a non-clean fashion: Connection lost.>]
2016-06-19 12:44:42 [scrapy] DEBUG: Retrying <GET http://so.gushiwen.org/view_12.aspx> (failed 1 times): [<twisted.python.failure.Failure twisted.internet.error.ConnectionLost: Connection to the other side was lost in a non-clean fashion: Connection lost.>]
2016-06-19 12:44:42,880 - DEBUG - Retrying <GET http://so.gushiwen.org/view_16.aspx> (failed 1 times): [<twisted.python.failure.Failure twisted.internet.error.ConnectionLost: Connection to the other side was lost in a non-clean fashion: Connection lost.>]
2016-06-19 12:44:42 [scrapy] DEBUG: Retrying <GET http://so.gushiwen.org/view_16.aspx> (failed 1 times): [<twisted.python.failure.Failure twisted.internet.error.ConnectionLost: Connection to the other side was lost in a non-clean fashion: Connection lost.>]
2016-06-19 12:44:42,881 - DEBUG - Retrying <GET http://so.gushiwen.org/view_11.aspx> (failed 1 times): [<twisted.python.failure.Failure twisted.internet.error.ConnectionLost: Connection to the other side was lost in a non-clean fashion: Connection lost.>]
2016-06-19 12:44:42 [scrapy] DEBUG: Retrying <GET http://so.gushiwen.org/view_11.aspx> (failed 1 times): [<twisted.python.failure.Failure twisted.internet.error.ConnectionLost: Connection to the other side was lost in a non-clean fashion: Connection lost.>]
2016-06-19 12:44:42,881 - DEBUG - Retrying <GET http://so.gushiwen.org/view_15.aspx> (failed 1 times): [<twisted.python.failure.Failure twisted.internet.error.ConnectionLost: Connection to the other side was lost in a non-clean fashion: Connection lost.>]
2016-06-19 12:44:42 [scrapy] DEBUG: Retrying <GET http://so.gushiwen.org/view_15.aspx> (failed 1 times): [<twisted.python.failure.Failure twisted.internet.error.ConnectionLost: Connection to the other side was lost in a non-clean fashion: Connection lost.>]
2016-06-19 12:44:42,882 - DEBUG - Retrying <GET http://so.gushiwen.org/view_14.aspx> (failed 1 times): [<twisted.python.failure.Failure twisted.internet.error.ConnectionLost: Connection to the other side was lost in a non-clean fashion: Connection lost.>]
2016-06-19 12:44:42 [scrapy] DEBUG: Retrying <GET http://so.gushiwen.org/view_14.aspx> (failed 1 times): [<twisted.python.failure.Failure twisted.internet.error.ConnectionLost: Connection to the other side was lost in a non-clean fashion: Connection lost.>]
http://so.gushiwen.org/view_1.aspx
http://so.gushiwen.org/view_2.aspx
http://so.gushiwen.org/view_3.aspx
http://so.gushiwen.org/view_4.aspx
http://so.gushiwen.org/view_5.aspx
http://so.gushiwen.org/view_6.aspx
http://so.gushiwen.org/view_7.aspx
http://so.gushiwen.org/view_8.aspx
http://so.gushiwen.org/view_9.aspx
http://so.gushiwen.org/view_10.aspx
http://so.gushiwen.org/view_11.aspx
http://so.gushiwen.org/view_12.aspx
http://so.gushiwen.org/view_13.aspx
http://so.gushiwen.org/view_14.aspx
http://so.gushiwen.org/view_15.aspx
http://so.gushiwen.org/view_16.aspx
